[2023-10-01 10:00:00] [INFO] User logged in
[2023-10-01 10:01:00] [ERROR] Failed login attempt
[2023-10-01 10:02:00] [WARNING] Suspicious activity detected
[2023-10-01 10:03:00] [INFO] User logged out
[2023-10-01 10:04:00] [ERROR] Unauthorized access attempt
[2023-10-01 10:05:00] [INFO] User logged in
[2023-10-01 10:06:00] [ERROR] Failed login attempt
[2023-10-01 10:07:00] [WARNING] Potential DDoS attack detected
[2023-10-01 10:08:00] [INFO] User logged out
[2023-10-01 10:09:00] [ERROR] SQL Injection attempt
[2023-10-01 10:10:00] [INFO] User logged in
[2023-10-01 10:11:00] [ERROR] Failed login attempt
[2023-10-01 10:12:00] [WARNING] High traffic detected
[2023-10-01 10:13:00] [INFO] User logged out
[2023-10-01 10:14:00] [ERROR] Brute force attack detected
[2023-10-01 10:15:00] [INFO] User logged in
[2023-10-01 10:16:00] [ERROR] Failed login attempt
[2023-10-01 10:17:00] [WARNING] Suspicious IP detected
[2023-10-01 10:18:00] [INFO] User logged out
[2023-10-01 10:19:00] [ERROR] Unauthorized access attempt
[2023-10-01 10:20:00] [INFO] User logged in
[2023-10-01 10:21:00] [ERROR] Failed login attempt
[2023-10-01 10:22:00] [WARNING] Potential DDoS attack detected
[2023-10-01 10:23:00] [INFO] User logged out
[2023-10-01 10:24:00] [ERROR] SQL Injection attempt
[2023-10-01 10:25:00] [INFO] User logged in
[2023-10-01 10:26:00] [ERROR] Failed login attempt
[2023-10-01 10:27:00] [WARNING] High traffic detected
[2023-10-01 10:28:00] [INFO] User logged out
[2023-10-01 10:29:00] [ERROR] Brute force attack detected
[2023-10-01 10:30:00] [INFO] User logged in
[2023-10-01 10:31:00] [ERROR] Failed login attempt
[2023-10-01 10:32:00] [WARNING] Suspicious IP detected
[2023-10-01 10:33:00] [INFO] User logged out
[2023-10-01 10:34:00] [ERROR] Unauthorized access attempt
[2023-10-01 10:35:00] [INFO] User logged in
[2023-10-01 10:36:00] [ERROR] Failed login attempt
[2023-10-01 10:37:00] [WARNING] Potential DDoS attack detected
[2023-10-01 10:38:00] [INFO] User logged out
[2023-10-01 10:39:00] [ERROR] SQL Injection attempt
[2023-10-01 10:40:00] [INFO] User logged in
[2023-10-01 10:41:00] [ERROR] Failed login attempt
[2023-10-01 10:42:00] [WARNING] High traffic detected
[2023-10-01 10:43:00] [INFO] User logged out
[2023-10-01 10:44:00] [ERROR] Brute force attack detected
[2023-10-01 10:45:00] [INFO] User logged in
[2023-10-01 10:46:00] [ERROR] Failed login attempt
[2023-10-01 10:47:00] [WARNING] Suspicious IP detected
[2023-10-01 10:48:00] [INFO] User logged out
[2023-10-01 10:49:00] [ERROR] Unauthorized access attempt
[2023-10-01 10:50:00] [INFO] User logged in
[2023-10-01 10:51:00] [ERROR] Failed login attempt
[2023-10-01 10:52:00] [WARNING] Potential DDoS attack detected
[2023-10-01 10:53:00] [INFO] User logged out
[2023-10-01 10:54:00] [ERROR] SQL Injection attempt
[2023-10-01 10:55:00] [INFO] User logged in
[2023-10-01 10:56:00] [ERROR] Failed login attempt
[2023-10-01 10:57:00] [WARNING] High traffic detected
[2023-10-01 10:58:00] [INFO] User logged out
[2023-10-01 10:59:00] [ERROR] Brute force attack detected
[2023-10-01 11:00:00] [INFO] User logged in
[2023-10-01 11:01:00] [ERROR] Failed login attempt
[2023-10-01 11:02:00] [WARNING] Suspicious IP detected
[2023-10-01 11:03:00] [INFO] User logged out
[2023-10-01 11:04:00] [ERROR] Unauthorized access attempt
[2023-10-01 11:05:00] [INFO] User logged in
[2023-10-01 11:06:00] [ERROR] Failed login attempt
[2023-10-01 11:07:00] [WARNING] Potential DDoS attack detected
[2023-10-01 11:08:00] [INFO] User logged out
[2023-10-01 11:09:00] [ERROR] SQL Injection attempt
[2023-10-01 11:10:00] [INFO] User logged in
[2023-10-01 11:11:00] [ERROR] Failed login attempt
[2023-10-01 11:12:00] [WARNING] High traffic detected
[2023-10-01 11:13:00] [INFO] User logged out
[2023-10-01 11:14:00] [ERROR] Brute force attack detected
[2023-10-01 11:15:00] [INFO] User logged in
[2023-10-01 11:16:00] [ERROR] Failed login attempt
[2023-10-01 11:17:00] [WARNING] Suspicious IP detected
[2023-10-01 11:18:00] [INFO] User logged out
[2023-10-01 11:19:00] [ERROR] Unauthorized access attempt
[2023-10-01 11:20:00] [INFO] User logged in
[2023-10-01 11:21:00] [ERROR] Failed login attempt
[2023-10-01 11:22:00] [WARNING] Potential DDoS attack detected
[2023-10-01 11:23:00] [INFO] User logged out
[2023-10-01 11:24:00] [ERROR] SQL Injection attempt
[2023-10-01 11:25:00] [INFO] User logged in
[2023-10-01 11:26:00] [ERROR] Failed login attempt
[2023-10-01 11:27:00] [WARNING] High traffic detected
[2023-10-01 11:28:00] [INFO] User logged out
[2023-10-01 11:29:00] [ERROR] Brute force attack detected
[2023-10-01 11:30:00] [INFO] User logged in
[2023-10-01 11:31:00] [ERROR] Failed login attempt
[2023-10-01 11:32:00] [WARNING] Suspicious IP detected
[2023-10-01 11:33:00] [INFO] User logged out
[2023-10-01 11:34:00] [ERROR] Unauthorized access attempt
[2023-10-01 11:35:00] [INFO] User logged in
[2023-10-01 11:36:00] [ERROR] Failed login attempt
[2023-10-01 11:37:00] [WARNING] Potential DDoS attack detected
[2023-10-01 11:38:00] [INFO] User logged out
[2023-10-01 11:39:00] [ERROR] SQL Injection attempt
[2023-10-01 11:40:00] [INFO] User logged in
[2023-10-01 11:41:00] [ERROR] Failed login attempt
[2023-10-01 11:42:00] [WARNING] High traffic detected
[2023-10-01 11:43:00] [INFO] User logged out
[2023-10-01 11:44:00] [ERROR] Brute force attack detected
[2023-10-01 11:45:00] [INFO] User logged in
[2023-10-01 11:46:00] [ERROR] Failed login attempt
[2023-10-01 11:47:00] [WARNING] Suspicious IP detected
[2023-10-01 11:48:00] [INFO] User logged out
[2023-10-01 11:49:00] [ERROR] Unauthorized access attempt
[2023-10-01 11:50:00] [INFO] User logged in
[2023-10-01 11:51:00] [ERROR] Failed login attempt
[2023-10-01 11:52:00] [WARNING] Potential DDoS attack detected
[2023-10-01 11:53:00] [INFO] User logged out
[2023-10-01 11:54:00] [ERROR] SQL Injection attempt
[2023-10-01 11:55:00] [INFO] User logged in
[2023-10-01 11:56:00] [ERROR] Failed login attempt
[2023-10-01 11:57:00] [WARNING] High traffic detected
[2023-10-01 11:58:00] [INFO] User logged out
[2023-10-01 11:59:00] [ERROR] Brute force attack detected